2018-02-15T18:38:04.883+0000 ***** SERVER RESTARTED *****
2018-02-15T18:38:04.888+0000 [initandlisten] MongoDB starting : pid=4634 port=27017 dbpath=/home/ubuntu/workspace/db/data 64-bit host=boatrider-mongo-admin-app-5907952
2018-02-15T18:38:04.888+0000 [initandlisten] db version v2.6.12
2018-02-15T18:38:04.888+0000 [initandlisten] git version: d73c92b1c85703828b55c2916a5dd4ad46535f6a
2018-02-15T18:38:04.888+0000 [initandlisten] build info: Linux build5.ny.cbi.10gen.cc 2.6.32-431.3.1.el6.x86_64 #1 SMP Fri Jan 3 21:39:27 UTC 2014 x86_64 BOOST_LIB_VERSION=1_49
2018-02-15T18:38:04.888+0000 [initandlisten] allocator: tcmalloc
2018-02-15T18:38:04.888+0000 [initandlisten] options: { config: "/etc/mongod.conf", net: { bindIp: "0.0.0.0", port: 27017 }, processManagement: { fork: true }, storage: { dbPath: "db/data", journal: { enabled: false } }, systemLog: { destination: "file", logAppend: true, path: "db/log/mongo.log" } }
2018-02-15T18:38:04.896+0000 [initandlisten] waiting for connections on port 27017
2018-02-15T18:38:04.907+0000 [initandlisten] connection accepted from 127.0.0.1:33692 #1 (1 connection now open)
2018-02-15T18:38:44.219+0000 [conn1] end connection 127.0.0.1:33692 (0 connections now open)
2018-02-15T18:38:44.338+0000 ***** SERVER RESTARTED *****
2018-02-15T18:38:44.341+0000 [signalProcessingThread] got signal 15 (Terminated), will terminate after current cmd ends
2018-02-15T18:38:44.341+0000 [signalProcessingThread] now exiting
2018-02-15T18:38:44.341+0000 [signalProcessingThread] dbexit: 
2018-02-15T18:38:44.341+0000 [signalProcessingThread] shutdown: going to close listening sockets...
2018-02-15T18:38:44.341+0000 [signalProcessingThread] closing listening socket: 6
2018-02-15T18:38:44.341+0000 [signalProcessingThread] closing listening socket: 9
2018-02-15T18:38:44.341+0000 [signalProcessingThread] removing socket file: /tmp/mongodb-27017.sock
2018-02-15T18:38:44.341+0000 [signalProcessingThread] shutdown: going to flush diaglog...
2018-02-15T18:38:44.341+0000 [signalProcessingThread] shutdown: going to close sockets...
2018-02-15T18:38:44.341+0000 [signalProcessingThread] shutdown: waiting for fs preallocator...
2018-02-15T18:38:44.341+0000 [signalProcessingThread] shutdown: closing all files...
2018-02-15T18:38:44.342+0000 [signalProcessingThread] closeAllFiles() finished
2018-02-15T18:38:44.342+0000 [signalProcessingThread] shutdown: removing fs lock...
2018-02-15T18:38:44.342+0000 [signalProcessingThread] dbexit: really exiting now
2018-02-15T18:45:32.233+0000 ***** SERVER RESTARTED *****
2018-02-15T18:45:32.238+0000 [initandlisten] MongoDB starting : pid=5168 port=27017 dbpath=/home/ubuntu/workspace/db/data 64-bit host=boatrider-mongo-admin-app-5907952
2018-02-15T18:45:32.239+0000 [initandlisten] db version v2.6.12
2018-02-15T18:45:32.239+0000 [initandlisten] git version: d73c92b1c85703828b55c2916a5dd4ad46535f6a
2018-02-15T18:45:32.239+0000 [initandlisten] build info: Linux build5.ny.cbi.10gen.cc 2.6.32-431.3.1.el6.x86_64 #1 SMP Fri Jan 3 21:39:27 UTC 2014 x86_64 BOOST_LIB_VERSION=1_49
2018-02-15T18:45:32.239+0000 [initandlisten] allocator: tcmalloc
2018-02-15T18:45:32.239+0000 [initandlisten] options: { config: "/etc/mongod.conf", net: { bindIp: "0.0.0.0", port: 27017 }, processManagement: { fork: true }, storage: { dbPath: "db/data", journal: { enabled: false } }, systemLog: { destination: "file", logAppend: true, path: "db/log/mongo.log" } }
2018-02-15T18:45:32.247+0000 [initandlisten] waiting for connections on port 27017
2018-02-15T18:46:32.248+0000 [clientcursormon] mem (MB) res:51 virt:223
2018-02-15T18:46:32.248+0000 [clientcursormon]  mapped:80
2018-02-15T18:46:32.248+0000 [clientcursormon]  connections:0
2018-02-15T18:51:28.614+0000 ***** SERVER RESTARTED *****
2018-02-15T18:51:28.618+0000 [signalProcessingThread] got signal 15 (Terminated), will terminate after current cmd ends
2018-02-15T18:51:28.618+0000 [signalProcessingThread] now exiting
2018-02-15T18:51:28.618+0000 [signalProcessingThread] dbexit: 
2018-02-15T18:51:28.618+0000 [signalProcessingThread] shutdown: going to close listening sockets...
2018-02-15T18:51:28.618+0000 [signalProcessingThread] closing listening socket: 6
2018-02-15T18:51:28.618+0000 [signalProcessingThread] closing listening socket: 7
2018-02-15T18:51:28.618+0000 [signalProcessingThread] removing socket file: /tmp/mongodb-27017.sock
2018-02-15T18:51:28.618+0000 [signalProcessingThread] shutdown: going to flush diaglog...
2018-02-15T18:51:28.618+0000 [signalProcessingThread] shutdown: going to close sockets...
2018-02-15T18:51:28.618+0000 [signalProcessingThread] shutdown: waiting for fs preallocator...
2018-02-15T18:51:28.618+0000 [signalProcessingThread] shutdown: closing all files...
2018-02-15T18:51:28.619+0000 [signalProcessingThread] closeAllFiles() finished
2018-02-15T18:51:28.619+0000 [signalProcessingThread] shutdown: removing fs lock...
2018-02-15T18:51:28.619+0000 [signalProcessingThread] dbexit: really exiting now
2018-02-15T18:57:44.830+0000 ***** SERVER RESTARTED *****
2018-02-15T18:57:44.835+0000 [initandlisten] MongoDB starting : pid=5693 port=27017 dbpath=/home/ubuntu/workspace/db/data 64-bit host=boatrider-mongo-admin-app-5907952
2018-02-15T18:57:44.835+0000 [initandlisten] db version v2.6.12
2018-02-15T18:57:44.835+0000 [initandlisten] git version: d73c92b1c85703828b55c2916a5dd4ad46535f6a
2018-02-15T18:57:44.835+0000 [initandlisten] build info: Linux build5.ny.cbi.10gen.cc 2.6.32-431.3.1.el6.x86_64 #1 SMP Fri Jan 3 21:39:27 UTC 2014 x86_64 BOOST_LIB_VERSION=1_49
2018-02-15T18:57:44.835+0000 [initandlisten] allocator: tcmalloc
2018-02-15T18:57:44.835+0000 [initandlisten] options: { config: "/etc/mongod.conf", net: { bindIp: "0.0.0.0", port: 27017 }, processManagement: { fork: true }, storage: { dbPath: "db/data", journal: { enabled: false } }, systemLog: { destination: "file", logAppend: true, path: "db/log/mongo.log" } }
2018-02-15T18:57:44.842+0000 [initandlisten] waiting for connections on port 27017
2018-02-15T18:58:44.844+0000 [clientcursormon] mem (MB) res:52 virt:223
2018-02-15T18:58:44.844+0000 [clientcursormon]  mapped:80
2018-02-15T18:58:44.844+0000 [clientcursormon]  connections:0
2018-02-15T18:59:04.877+0000 ***** SERVER RESTARTED *****
2018-02-15T18:59:04.880+0000 [signalProcessingThread] got signal 15 (Terminated), will terminate after current cmd ends
2018-02-15T18:59:04.880+0000 [signalProcessingThread] now exiting
2018-02-15T18:59:04.880+0000 [signalProcessingThread] dbexit: 
2018-02-15T18:59:04.880+0000 [signalProcessingThread] shutdown: going to close listening sockets...
2018-02-15T18:59:04.880+0000 [signalProcessingThread] closing listening socket: 6
2018-02-15T18:59:04.880+0000 [signalProcessingThread] closing listening socket: 7
2018-02-15T18:59:04.880+0000 [signalProcessingThread] removing socket file: /tmp/mongodb-27017.sock
2018-02-15T18:59:04.880+0000 [signalProcessingThread] shutdown: going to flush diaglog...
2018-02-15T18:59:04.880+0000 [signalProcessingThread] shutdown: going to close sockets...
2018-02-15T18:59:04.880+0000 [signalProcessingThread] shutdown: waiting for fs preallocator...
2018-02-15T18:59:04.880+0000 [signalProcessingThread] shutdown: closing all files...
2018-02-15T18:59:04.881+0000 [signalProcessingThread] closeAllFiles() finished
2018-02-15T18:59:04.881+0000 [signalProcessingThread] shutdown: removing fs lock...
2018-02-15T18:59:04.881+0000 [signalProcessingThread] dbexit: really exiting now
2018-02-15T19:01:02.185+0000 ***** SERVER RESTARTED *****
2018-02-15T19:01:02.190+0000 [initandlisten] MongoDB starting : pid=6211 port=27017 dbpath=/home/ubuntu/workspace/db/data 64-bit host=boatrider-mongo-admin-app-5907952
2018-02-15T19:01:02.190+0000 [initandlisten] db version v2.6.12
2018-02-15T19:01:02.190+0000 [initandlisten] git version: d73c92b1c85703828b55c2916a5dd4ad46535f6a
2018-02-15T19:01:02.190+0000 [initandlisten] build info: Linux build5.ny.cbi.10gen.cc 2.6.32-431.3.1.el6.x86_64 #1 SMP Fri Jan 3 21:39:27 UTC 2014 x86_64 BOOST_LIB_VERSION=1_49
2018-02-15T19:01:02.190+0000 [initandlisten] allocator: tcmalloc
2018-02-15T19:01:02.190+0000 [initandlisten] options: { config: "/etc/mongod.conf", net: { bindIp: "0.0.0.0", port: 27017 }, processManagement: { fork: true }, storage: { dbPath: "db/data", journal: { enabled: false } }, systemLog: { destination: "file", logAppend: true, path: "db/log/mongo.log" } }
2018-02-15T19:01:02.198+0000 [initandlisten] waiting for connections on port 27017
2018-02-15T19:01:33.037+0000 ***** SERVER RESTARTED *****
2018-02-15T19:01:33.042+0000 [initandlisten] MongoDB starting : pid=6225 port=27017 dbpath=/home/ubuntu/workspace/db/data 64-bit host=boatrider-mongo-admin-app-5907952
2018-02-15T19:01:33.042+0000 [initandlisten] db version v2.6.12
2018-02-15T19:01:33.042+0000 [initandlisten] git version: d73c92b1c85703828b55c2916a5dd4ad46535f6a
2018-02-15T19:01:33.042+0000 [initandlisten] build info: Linux build5.ny.cbi.10gen.cc 2.6.32-431.3.1.el6.x86_64 #1 SMP Fri Jan 3 21:39:27 UTC 2014 x86_64 BOOST_LIB_VERSION=1_49
2018-02-15T19:01:33.042+0000 [initandlisten] allocator: tcmalloc
2018-02-15T19:01:33.042+0000 [initandlisten] options: { config: "/etc/mongod.conf", net: { bindIp: "0.0.0.0", port: 27017 }, processManagement: { fork: true }, storage: { dbPath: "db/data", journal: { enabled: false } }, systemLog: { destination: "file", logAppend: true, path: "db/log/mongo.log" } }
2018-02-15T19:01:33.042+0000 [initandlisten] exception in initAndListen: 10310 Unable to lock file: /home/ubuntu/workspace/db/data/mongod.lock. Is a mongod instance already running?, terminating
2018-02-15T19:01:33.042+0000 [initandlisten] dbexit: 
2018-02-15T19:01:33.042+0000 [initandlisten] shutdown: going to close listening sockets...
2018-02-15T19:01:33.042+0000 [initandlisten] shutdown: going to flush diaglog...
2018-02-15T19:01:33.042+0000 [initandlisten] shutdown: going to close sockets...
2018-02-15T19:01:33.042+0000 [initandlisten] shutdown: waiting for fs preallocator...
2018-02-15T19:01:33.042+0000 [initandlisten] shutdown: closing all files...
2018-02-15T19:01:33.042+0000 [initandlisten] closeAllFiles() finished
2018-02-15T19:01:33.042+0000 [initandlisten] dbexit: really exiting now
2018-02-15T19:01:51.020+0000 ***** SERVER RESTARTED *****
2018-02-15T19:01:51.023+0000 [signalProcessingThread] got signal 15 (Terminated), will terminate after current cmd ends
2018-02-15T19:01:51.023+0000 [signalProcessingThread] now exiting
2018-02-15T19:01:51.023+0000 [signalProcessingThread] dbexit: 
2018-02-15T19:01:51.023+0000 [signalProcessingThread] shutdown: going to close listening sockets...
2018-02-15T19:01:51.023+0000 [signalProcessingThread] closing listening socket: 6
2018-02-15T19:01:51.023+0000 [signalProcessingThread] closing listening socket: 7
2018-02-15T19:01:51.023+0000 [signalProcessingThread] removing socket file: /tmp/mongodb-27017.sock
2018-02-15T19:01:51.023+0000 [signalProcessingThread] shutdown: going to flush diaglog...
2018-02-15T19:01:51.023+0000 [signalProcessingThread] shutdown: going to close sockets...
2018-02-15T19:01:51.023+0000 [signalProcessingThread] shutdown: waiting for fs preallocator...
2018-02-15T19:01:51.023+0000 [signalProcessingThread] shutdown: closing all files...
2018-02-15T19:01:51.024+0000 [signalProcessingThread] closeAllFiles() finished
2018-02-15T19:01:51.024+0000 [signalProcessingThread] shutdown: removing fs lock...
2018-02-15T19:01:51.024+0000 [signalProcessingThread] dbexit: really exiting now
2018-02-15T19:07:20.283+0000 ***** SERVER RESTARTED *****
2018-02-15T19:07:20.289+0000 [initandlisten] MongoDB starting : pid=6726 port=27017 dbpath=/home/ubuntu/workspace/db/data 64-bit host=boatrider-mongo-admin-app-5907952
2018-02-15T19:07:20.289+0000 [initandlisten] db version v2.6.12
2018-02-15T19:07:20.289+0000 [initandlisten] git version: d73c92b1c85703828b55c2916a5dd4ad46535f6a
2018-02-15T19:07:20.289+0000 [initandlisten] build info: Linux build5.ny.cbi.10gen.cc 2.6.32-431.3.1.el6.x86_64 #1 SMP Fri Jan 3 21:39:27 UTC 2014 x86_64 BOOST_LIB_VERSION=1_49
2018-02-15T19:07:20.289+0000 [initandlisten] allocator: tcmalloc
2018-02-15T19:07:20.289+0000 [initandlisten] options: { config: "/etc/mongod.conf", net: { bindIp: "0.0.0.0", port: 27017 }, processManagement: { fork: true }, storage: { dbPath: "db/data", journal: { enabled: false } }, systemLog: { destination: "file", logAppend: true, path: "db/log/mongo.log" } }
2018-02-15T19:07:20.299+0000 [initandlisten] waiting for connections on port 27017
2018-02-15T19:07:55.310+0000 ***** SERVER RESTARTED *****
2018-02-15T19:07:55.313+0000 [signalProcessingThread] got signal 15 (Terminated), will terminate after current cmd ends
2018-02-15T19:07:55.313+0000 [signalProcessingThread] now exiting
2018-02-15T19:07:55.313+0000 [signalProcessingThread] dbexit: 
2018-02-15T19:07:55.313+0000 [signalProcessingThread] shutdown: going to close listening sockets...
2018-02-15T19:07:55.313+0000 [signalProcessingThread] closing listening socket: 6
2018-02-15T19:07:55.313+0000 [signalProcessingThread] closing listening socket: 7
2018-02-15T19:07:55.313+0000 [signalProcessingThread] removing socket file: /tmp/mongodb-27017.sock
2018-02-15T19:07:55.313+0000 [signalProcessingThread] shutdown: going to flush diaglog...
2018-02-15T19:07:55.313+0000 [signalProcessingThread] shutdown: going to close sockets...
2018-02-15T19:07:55.314+0000 [signalProcessingThread] shutdown: waiting for fs preallocator...
2018-02-15T19:07:55.314+0000 [signalProcessingThread] shutdown: closing all files...
2018-02-15T19:07:55.314+0000 [signalProcessingThread] closeAllFiles() finished
2018-02-15T19:07:55.314+0000 [signalProcessingThread] shutdown: removing fs lock...
2018-02-15T19:07:55.314+0000 [signalProcessingThread] dbexit: really exiting now
2018-02-15T19:09:01.456+0000 ***** SERVER RESTARTED *****
2018-02-15T19:09:01.462+0000 [initandlisten] MongoDB starting : pid=7229 port=27017 dbpath=/home/ubuntu/workspace/db/data 64-bit host=boatrider-mongo-admin-app-5907952
2018-02-15T19:09:01.462+0000 [initandlisten] db version v2.6.12
2018-02-15T19:09:01.462+0000 [initandlisten] git version: d73c92b1c85703828b55c2916a5dd4ad46535f6a
2018-02-15T19:09:01.462+0000 [initandlisten] build info: Linux build5.ny.cbi.10gen.cc 2.6.32-431.3.1.el6.x86_64 #1 SMP Fri Jan 3 21:39:27 UTC 2014 x86_64 BOOST_LIB_VERSION=1_49
2018-02-15T19:09:01.462+0000 [initandlisten] allocator: tcmalloc
2018-02-15T19:09:01.462+0000 [initandlisten] options: { config: "/etc/mongod.conf", net: { bindIp: "0.0.0.0", port: 27017 }, processManagement: { fork: true }, storage: { dbPath: "db/data", journal: { enabled: false } }, systemLog: { destination: "file", logAppend: true, path: "db/log/mongo.log" } }
2018-02-15T19:09:01.494+0000 [initandlisten] waiting for connections on port 27017
2018-02-15T19:09:14.799+0000 ***** SERVER RESTARTED *****
2018-02-15T19:09:14.803+0000 [signalProcessingThread] got signal 15 (Terminated), will terminate after current cmd ends
2018-02-15T19:09:14.803+0000 [signalProcessingThread] now exiting
2018-02-15T19:09:14.803+0000 [signalProcessingThread] dbexit: 
2018-02-15T19:09:14.803+0000 [signalProcessingThread] shutdown: going to close listening sockets...
2018-02-15T19:09:14.803+0000 [signalProcessingThread] closing listening socket: 6
2018-02-15T19:09:14.803+0000 [signalProcessingThread] closing listening socket: 7
2018-02-15T19:09:14.803+0000 [signalProcessingThread] removing socket file: /tmp/mongodb-27017.sock
2018-02-15T19:09:14.804+0000 [signalProcessingThread] shutdown: going to flush diaglog...
2018-02-15T19:09:14.804+0000 [signalProcessingThread] shutdown: going to close sockets...
2018-02-15T19:09:14.804+0000 [signalProcessingThread] shutdown: waiting for fs preallocator...
2018-02-15T19:09:14.804+0000 [signalProcessingThread] shutdown: closing all files...
2018-02-15T19:09:14.805+0000 [signalProcessingThread] closeAllFiles() finished
2018-02-15T19:09:14.805+0000 [signalProcessingThread] shutdown: removing fs lock...
2018-02-15T19:09:14.805+0000 [signalProcessingThread] dbexit: really exiting now
